\BOOKMARK [1][]{Cabstract.1}{\376\377\144\130\211\201}{}% 1
\BOOKMARK [1][]{Eabstract.1}{\376\377\000A\000b\000s\000t\000r\000a\000c\000t}{}% 2
\BOOKMARK [1][]{tableofcontents.1}{\376\377\166\356\137\125}{}% 3
\BOOKMARK [0][]{chapter.1}{\376\377\173\054\116\000\172\340\000\040\000\040\176\352\213\272}{}% 4
\BOOKMARK [1][]{section.1.1}{\376\377\0001\000.\0001\000\040\170\024\172\166\200\314\146\157\124\214\170\024\172\166\141\017\116\111}{chapter.1}% 5
\BOOKMARK [1][]{section.1.2}{\376\377\0001\000.\0002\000\040\122\006\136\003\137\017\145\160\143\156\136\223\170\024\172\166\123\206\123\362\116\016\163\260\162\266}{chapter.1}% 6
\BOOKMARK [1][]{section.1.3}{\376\377\0001\000.\0003\000\040\213\272\145\207\116\073\211\201\135\345\117\134\116\016\122\033\145\260}{chapter.1}% 7
\BOOKMARK [1][]{section.1.4}{\376\377\0001\000.\0004\000\040\213\272\145\207\176\323\147\204\133\211\143\222}{chapter.1}% 8
\BOOKMARK [0][]{chapter.2}{\376\377\173\054\116\214\172\340\000\040\000\040\166\370\121\163\164\006\213\272\124\214\142\200\147\057}{}% 9
\BOOKMARK [1][]{section.2.1}{\376\377\0002\000.\0001\000\040\145\160\143\156\136\223\174\373\176\337}{chapter.2}% 10
\BOOKMARK [2][]{subsection.2.1.1}{\376\377\0002\000.\0001\000.\0001\000\040\145\160\143\156\136\223\174\373\176\337\151\202\137\365}{section.2.1}% 11
\BOOKMARK [2][]{subsection.2.1.2}{\376\377\0002\000.\0001\000.\0002\000\040\121\163\174\373\145\160\143\156\136\223\174\373\176\337}{section.2.1}% 12
\BOOKMARK [2][]{subsection.2.1.3}{\376\377\0002\000.\0001\000.\0003\000\040\116\213\122\241\116\016\136\166\123\321\143\247\122\066}{section.2.1}% 13
\BOOKMARK [2][]{subsection.2.1.4}{\376\377\0002\000.\0001\000.\0004\000\040\227\136\121\163\174\373\127\213\145\160\143\156\136\223\174\373\176\337}{section.2.1}% 14
\BOOKMARK [1][]{section.2.2}{\376\377\0002\000.\0002\000\040\122\006\136\003\137\017\145\160\143\156\136\223}{chapter.2}% 15
\BOOKMARK [2][]{subsection.2.2.1}{\376\377\0002\000.\0002\000.\0001\000\040\122\006\136\003\137\017\145\160\143\156\136\223\151\202\217\360}{section.2.2}% 16
\BOOKMARK [2][]{subsection.2.2.2}{\376\377\0002\000.\0002\000.\0002\000\040\122\006\136\003\137\017\145\160\143\156\136\223\166\204\162\171\160\271}{section.2.2}% 17
\BOOKMARK [2][]{subsection.2.2.3}{\376\377\0002\000.\0002\000.\0003\000\040\145\160\143\156\122\006\136\003\124\214\215\037\217\175\127\107\210\141}{section.2.2}% 18
\BOOKMARK [2][]{subsection.2.2.4}{\376\377\0002\000.\0002\000.\0004\000\040\145\160\143\156\131\015\122\066\124\214\116\000\201\364\140\047}{section.2.2}% 19
\BOOKMARK [2][]{subsection.2.2.5}{\376\377\0002\000.\0002\000.\0005\000\040\122\157\147\054\124\214\122\006\136\003\137\017\000M\000V\000C\000C\142\200\147\057}{section.2.2}% 20
\BOOKMARK [1][]{section.2.3}{\376\377\0002\000.\0003\000\040\147\054\172\340\134\017\176\323}{chapter.2}% 21
\BOOKMARK [0][]{chapter.3}{\376\377\173\054\116\011\172\340\000\040\000\040\174\373\176\337\122\006\147\220}{}% 22
\BOOKMARK [1][]{section.3.1}{\376\377\0003\000.\0001\000\040\174\373\176\337\227\000\154\102\122\006\147\220}{chapter.3}% 23
\BOOKMARK [2][]{subsection.3.1.1}{\376\377\0003\000.\0001\000.\0001\000\040\174\373\176\337\122\237\200\375\227\000\154\102}{section.3.1}% 24
\BOOKMARK [2][]{subsection.3.1.2}{\376\377\0003\000.\0001\000.\0002\000\040\174\373\176\337\122\237\200\375\165\050\117\213}{section.3.1}% 25
\BOOKMARK [1][]{section.3.2}{\376\377\0003\000.\0002\000\040\142\200\147\057\124\214\150\106\147\266\122\006\147\220}{chapter.3}% 26
\BOOKMARK [2][]{subsection.3.2.1}{\376\377\0003\000.\0002\000.\0001\000\040\174\373\176\337\133\236\163\260\213\355\212\000\220\011\142\351}{section.3.2}% 27
\BOOKMARK [2][]{subsection.3.2.2}{\376\377\0003\000.\0002\000.\0002\000\040\177\121\176\334\133\236\163\260\142\200\147\057\122\006\147\220}{section.3.2}% 28
\BOOKMARK [2][]{subsection.3.2.3}{\376\377\0003\000.\0002\000.\0003\000\040\220\032\117\341\123\117\213\256\122\006\147\220}{section.3.2}% 29
\BOOKMARK [2][]{subsection.3.2.4}{\376\377\0003\000.\0002\000.\0004\000\040\000S\000Q\000L\133\236\163\260\122\006\147\220}{section.3.2}% 30
\BOOKMARK [2][]{subsection.3.2.5}{\376\377\0003\000.\0002\000.\0005\000\040\133\130\120\250\137\025\144\316\122\006\147\220}{section.3.2}% 31
\BOOKMARK [2][]{subsection.3.2.6}{\376\377\0003\000.\0002\000.\0006\000\040\122\006\136\003\137\017\133\236\163\260\122\006\147\220}{section.3.2}% 32
\BOOKMARK [2][]{subsection.3.2.7}{\376\377\0003\000.\0002\000.\0007\000\040\166\321\143\247\122\237\200\375\133\236\163\260\122\006\147\220}{section.3.2}% 33
\BOOKMARK [1][]{section.3.3}{\376\377\0003\000.\0003\000\040\147\054\172\340\134\017\176\323}{chapter.3}% 34
\BOOKMARK [0][]{chapter.4}{\376\377\173\054\126\333\172\340\000\040\000\040\174\373\176\337\213\276\213\241}{}% 35
\BOOKMARK [1][]{section.4.1}{\376\377\0004\000.\0001\000\040\174\373\176\337\140\073\117\123\213\276\213\241}{chapter.4}% 36
\BOOKMARK [2][]{subsection.4.1.1}{\376\377\0004\000.\0001\000.\0001\000\040\174\373\176\337\147\266\147\204\213\276\213\241}{section.4.1}% 37
\BOOKMARK [2][]{subsection.4.1.2}{\376\377\0004\000.\0001\000.\0002\000\040\174\373\176\337\122\237\200\375\213\276\213\241}{section.4.1}% 38
\BOOKMARK [1][]{section.4.2}{\376\377\0004\000.\0002\000\040\133\242\147\015\172\357\152\041\127\127\213\276\213\241}{chapter.4}% 39
\BOOKMARK [1][]{section.4.3}{\376\377\0004\000.\0003\000\040\122\006\136\003\137\017\173\241\164\006\152\041\127\127}{chapter.4}% 40
\BOOKMARK [1][]{section.4.4}{\376\377\0004\000.\0004\000\040\145\160\143\156\136\223\122\237\200\375\152\041\127\127\213\346\176\306\213\276\213\241}{chapter.4}% 41
\BOOKMARK [2][]{subsection.4.4.1}{\376\377\0004\000.\0004\000.\0001\000\040\145\160\143\156\136\223\122\237\200\375\144\315\117\134\155\101\172\013}{section.4.4}% 42
\BOOKMARK [2][]{subsection.4.4.2}{\376\377\0004\000.\0004\000.\0002\000\040\177\121\176\334\152\041\127\127\213\276\213\241}{section.4.4}% 43
\BOOKMARK [2][]{subsection.4.4.3}{\376\377\0004\000.\0004\000.\0003\000\040\220\032\117\341\123\117\213\256\213\276\213\241}{section.4.4}% 44
\BOOKMARK [2][]{subsection.4.4.4}{\376\377\0004\000.\0004\000.\0004\000\040\000S\000Q\000L\137\025\144\316\213\276\213\241}{section.4.4}% 45
\BOOKMARK [2][]{subsection.4.4.5}{\376\377\0004\000.\0004\000.\0005\000\040\133\130\120\250\137\025\144\316\213\276\213\241}{section.4.4}% 46
\BOOKMARK [1][]{section.4.5}{\376\377\0004\000.\0005\000\040\226\306\177\244\147\266\147\204\213\346\176\306\213\276\213\241}{chapter.4}% 47
\BOOKMARK [1][]{section.4.6}{\376\377\0004\000.\0006\000\040\133\241\213\241\152\041\127\127\213\346\176\306\213\276\213\241}{chapter.4}% 48
\BOOKMARK [1][]{section.4.7}{\376\377\0004\000.\0007\000\040\147\054\172\340\134\017\176\323}{chapter.4}% 49
\BOOKMARK [0][]{chapter.5}{\376\377\173\054\116\224\172\340\000\040\000\040\174\373\176\337\133\236\163\260}{}% 50
\BOOKMARK [1][]{section.5.1}{\376\377\0005\000.\0001\000\040\116\343\170\001\211\304\203\003\124\214\140\073\117\123\176\323\147\204}{chapter.5}% 51
\BOOKMARK [1][]{section.5.2}{\376\377\0005\000.\0002\000\040\133\242\147\015\172\357\122\237\200\375\121\163\225\056\142\200\147\057\133\236\163\260}{chapter.5}% 52
\BOOKMARK [1][]{section.5.3}{\376\377\0005\000.\0003\000\040\173\241\164\006\202\202\160\271\121\163\225\056\142\200\147\057\133\236\163\260}{chapter.5}% 53
\BOOKMARK [2][]{subsection.5.3.1}{\376\377\0005\000.\0003\000.\0001\000\040\173\241\164\006\202\202\160\271\122\035\131\313\123\026\133\236\163\260}{section.5.3}% 54
\BOOKMARK [2][]{subsection.5.3.2}{\376\377\0005\000.\0003\000.\0002\000\040\220\011\116\076\122\237\200\375\173\227\154\325\133\236\163\260}{section.5.3}% 55
\BOOKMARK [1][]{section.5.4}{\376\377\0005\000.\0004\000\040\122\006\136\003\137\017\147\266\147\204\121\163\225\056\142\200\147\057\133\236\163\260}{chapter.5}% 56
\BOOKMARK [2][]{subsection.5.4.1}{\376\377\0005\000.\0004\000.\0001\000\040\226\306\177\244\122\035\131\313\123\026\155\101\172\013}{section.5.4}% 57
\BOOKMARK [2][]{subsection.5.4.2}{\376\377\0005\000.\0004\000.\0002\000\040\226\306\177\244\124\175\116\344\142\147\210\114\217\307\172\013}{section.5.4}% 58
\BOOKMARK [1][]{section.5.5}{\376\377\0005\000.\0005\000\040\145\160\143\156\136\223\174\373\176\337\133\236\163\260}{chapter.5}% 59
\BOOKMARK [2][]{subsection.5.5.1}{\376\377\0005\000.\0005\000.\0001\000\040\177\121\176\334\152\041\127\127}{section.5.5}% 60
\BOOKMARK [2][]{subsection.5.5.2}{\376\377\0005\000.\0005\000.\0002\000\040\000S\000Q\000L\211\343\147\220\152\041\127\127}{section.5.5}% 61
\BOOKMARK [2][]{subsection.5.5.3}{\376\377\0005\000.\0005\000.\0003\000\040\133\130\120\250\137\025\144\316\152\041\127\127}{section.5.5}% 62
\BOOKMARK [1][]{section.5.6}{\376\377\0005\000.\0006\000\040\145\160\143\156\133\241\213\241\152\041\127\127\166\204\133\236\163\260}{chapter.5}% 63
\BOOKMARK [1][]{section.5.7}{\376\377\0005\000.\0007\000\040\147\054\172\340\134\017\176\323}{chapter.5}% 64
\BOOKMARK [0][]{chapter.6}{\376\377\173\054\121\155\172\340\000\040\000\040\174\373\176\337\155\113\213\325}{}% 65
\BOOKMARK [1][]{section.6.1}{\376\377\0006\000.\0001\000\040\155\113\213\325\145\271\154\325}{chapter.6}% 66
\BOOKMARK [1][]{section.6.2}{\376\377\0006\000.\0002\000\040\155\113\213\325\163\257\130\203}{chapter.6}% 67
\BOOKMARK [1][]{section.6.3}{\376\377\0006\000.\0003\000\040\122\237\200\375\155\113\213\325}{chapter.6}% 68
\BOOKMARK [2][]{subsection.6.3.1}{\376\377\0006\000.\0003\000.\0001\000\040\145\160\143\156\136\223\122\237\200\375\155\113\213\325}{section.6.3}% 69
\BOOKMARK [2][]{subsection.6.3.2}{\376\377\0006\000.\0003\000.\0002\000\040\226\306\177\244\122\237\200\375\155\113\213\325}{section.6.3}% 70
\BOOKMARK [2][]{subsection.6.3.3}{\376\377\0006\000.\0003\000.\0003\000\040\133\241\213\241\122\237\200\375\155\113\213\325}{section.6.3}% 71
\BOOKMARK [1][]{section.6.4}{\376\377\0006\000.\0004\000\040\140\047\200\375\155\113\213\325}{chapter.6}% 72
\BOOKMARK [1][]{section.6.5}{\376\377\0006\000.\0005\000\040\155\113\213\325\133\371\153\324}{chapter.6}% 73
\BOOKMARK [1][]{section.6.6}{\376\377\0006\000.\0006\000\040\147\054\172\340\134\017\176\323}{chapter.6}% 74
\BOOKMARK [0][]{chapter.7}{\376\377\173\054\116\003\172\340\000\040\000\040\140\073\176\323\116\016\134\125\147\033}{}% 75
\BOOKMARK [1][]{section.7.1}{\376\377\0007\000.\0001\000\040\147\054\145\207\135\345\117\134\166\204\140\073\176\323}{chapter.7}% 76
\BOOKMARK [1][]{section.7.2}{\376\377\0007\000.\0002\000\040\147\052\147\145\166\204\135\345\117\134\145\271\124\021}{chapter.7}% 77
\BOOKMARK [1][]{section.7.3}{\376\377\0007\000.\0003\000\040\145\160\143\156\136\223\174\373\176\337\166\204\147\052\147\145}{chapter.7}% 78
\BOOKMARK [0][]{section*.61}{\376\377\201\364\000\040\214\042}{}% 79
